[debug] [2018-08-05T17:28:11.219Z] ----------------------------------------------------------------------
[debug] [2018-08-05T17:28:11.226Z] Command:       D:\Program Files\nodejs\node.exe C:\Users\home\AppData\Roaming\npm\node_modules\firebase-tools\bin\firebase deploy
[debug] [2018-08-05T17:28:11.226Z] CLI Version:   4.0.2
[debug] [2018-08-05T17:28:11.226Z] Platform:      win32
[debug] [2018-08-05T17:28:11.226Z] Node Version:  v10.8.0
[debug] [2018-08-05T17:28:11.229Z] Time:          Sun Aug 05 2018 22:58:11 GMT+0530 (India Standard Time)
[debug] [2018-08-05T17:28:11.229Z] ----------------------------------------------------------------------
[debug] 
[debug] [2018-08-05T17:28:11.260Z] > command requires scopes: ["email","openid","https://www.googleapis.com/auth/cloudplatformprojects.readonly","https://www.googleapis.com/auth/firebase","https://www.googleapis.com/auth/cloud-platform"]
[debug] [2018-08-05T17:28:11.262Z] > authorizing via signed-in user
[debug] [2018-08-05T17:28:11.267Z] > refreshing access token with scopes: ["email","https://www.googleapis.com/auth/cloud-platform","https://www.googleapis.com/auth/cloudplatformprojects.readonly","https://www.googleapis.com/auth/firebase","openid"]
[debug] [2018-08-05T17:28:11.268Z] >>> HTTP REQUEST POST https://www.googleapis.com/oauth2/v3/token  
 { refresh_token: '1/mlOUr08npi-cz32w9KTM2gsaSdYCMIzsAMoo8IcZ9Qk',
  client_id:
   '563584335869-fgrhgmd47bqnekij5i8b5pr03ho849e6.apps.googleusercontent.com',
  client_secret: 'j9iVZfS8kkCEFUPaAeJV0sAi',
  grant_type: 'refresh_token',
  scope:
   'email https://www.googleapis.com/auth/cloud-platform https://www.googleapis.com/auth/cloudplatformprojects.readonly https://www.googleapis.com/auth/firebase openid' } 
 Sun Aug 05 2018 22:58:11 GMT+0530 (India Standard Time)
[debug] [2018-08-05T17:28:11.592Z] <<< HTTP RESPONSE 200
[debug] [2018-08-05T17:28:11.607Z] >>> HTTP REQUEST GET https://admin.firebase.com/v1/projects/dhisna-ac7e0  
  
 Sun Aug 05 2018 22:58:11 GMT+0530 (India Standard Time)
[debug] [2018-08-05T17:28:12.699Z] <<< HTTP RESPONSE 200
[debug] [2018-08-05T17:28:12.701Z] >>> HTTP REQUEST GET https://admin.firebase.com/v1/database/dhisna-ac7e0/tokens  
  
 Sun Aug 05 2018 22:58:12 GMT+0530 (India Standard Time)
[debug] [2018-08-05T17:28:13.761Z] <<< HTTP RESPONSE 200
[info] 
[info] === Deploying to 'dhisna-ac7e0'...
[info] 
[info] i  deploying database, hosting
[info] i  database: checking rules syntax...
[debug] [2018-08-05T17:28:15.331Z] >>> HTTP REQUEST PUT https://dhisna-ac7e0.firebaseio.com/.settings/rules.json?dryRun=true  
 {
  /* Visit https://firebase.google.com/docs/database/security to learn more about security rules. */
  "rules": {
    ".read": false,
    ".write": false
  }
} 
 Sun Aug 05 2018 22:58:15 GMT+0530 (India Standard Time)
[debug] [2018-08-05T17:28:16.552Z] <<< HTTP RESPONSE 200
[info] +  database: rules syntax for database dhisna-ac7e0 is valid
[info] i  hosting: preparing public directory for upload...
[debug] [2018-08-05T17:28:21.392Z] >>> HTTP REQUEST PUT https://deploy.firebase.com/v1/hosting/dhisna-ac7e0/uploads/-LJA7TWIXrUhH55ojTtc?fileCount=57&message=  
  
 Sun Aug 05 2018 22:58:21 GMT+0530 (India Standard Time)
